<?xml version="1.0" encoding="UTF-8"?>
<testng-results skipped="0" failed="1" ignored="0" total="2" passed="1">
  <reporter-output>
  </reporter-output>
  <suite name="Warp Developement_Contact Us" duration-ms="15945" started-at="2019-04-10T11:54:36Z" finished-at="2019-04-10T11:54:52Z">
    <groups>
    </groups>
    <test name="Contact US Test" duration-ms="15945" started-at="2019-04-10T11:54:36Z" finished-at="2019-04-10T11:54:52Z">
      <class name="com.warpDevelopment.testCases.ValidatePageTest">
        <test-method status="PASS" signature="initialization(java.lang.String)[pri:0, instance:com.warpDevelopment.testCases.ValidatePageTest@5d624da6]" name="initialization" is-config="true" duration-ms="5846" started-at="2019-04-10T13:54:36Z" finished-at="2019-04-10T13:54:42Z">
          <params>
            <param index="0">
              <value>
                <![CDATA[chrome]]>
              </value>
            </param>
          </params>
          <reporter-output>
          </reporter-output>
        </test-method> <!-- initialization -->
        <test-method status="PASS" signature="valideThepage()[pri:0, instance:com.warpDevelopment.testCases.ValidatePageTest@5d624da6]" name="valideThepage" duration-ms="337" started-at="2019-04-10T13:54:42Z" finished-at="2019-04-10T13:54:43Z">
          <reporter-output>
          </reporter-output>
        </test-method> <!-- valideThepage -->
        <test-method status="PASS" signature="tearDown()[pri:0, instance:com.warpDevelopment.testCases.ValidatePageTest@5d624da6]" name="tearDown" is-config="true" duration-ms="592" started-at="2019-04-10T13:54:43Z" finished-at="2019-04-10T13:54:43Z">
          <reporter-output>
          </reporter-output>
        </test-method> <!-- tearDown -->
      </class> <!-- com.warpDevelopment.testCases.ValidatePageTest -->
      <class name="com.warpDevelopment.testCases.SubmitCorrectDetails_WD_TC_01">
        <test-method status="PASS" signature="initialization(java.lang.String)[pri:0, instance:com.warpDevelopment.testCases.SubmitCorrectDetails_WD_TC_01@1e67b872]" name="initialization" is-config="true" duration-ms="4299" started-at="2019-04-10T13:54:43Z" finished-at="2019-04-10T13:54:47Z">
          <params>
            <param index="0">
              <value>
                <![CDATA[chrome]]>
              </value>
            </param>
          </params>
          <reporter-output>
          </reporter-output>
        </test-method> <!-- initialization -->
        <test-method status="FAIL" signature="SubmitCorrectDetails()[pri:0, instance:com.warpDevelopment.testCases.SubmitCorrectDetails_WD_TC_01@1e67b872]" name="SubmitCorrectDetails" duration-ms="4053" started-at="2019-04-10T13:54:47Z" finished-at="2019-04-10T13:54:52Z">
          <exception class="java.lang.AssertionError">
            <message>
              <![CDATA[expected [true] but found [false]]]>
            </message>
            <full-stacktrace>
              <![CDATA[java.lang.AssertionError: expected [true] but found [false]
	at org.testng.Assert.fail(Assert.java:94)
	at org.testng.Assert.failNotEquals(Assert.java:513)
	at org.testng.Assert.assertTrue(Assert.java:42)
	at org.testng.Assert.assertTrue(Assert.java:52)
	at com.warpDevelopment.testCases.SubmitCorrectDetails_WD_TC_01.SubmitCorrectDetails(SubmitCorrectDetails_WD_TC_01.java:38)
	at sun.reflect.NativeMethodAccessorImpl.invoke0(Native Method)
	at sun.reflect.NativeMethodAccessorImpl.invoke(NativeMethodAccessorImpl.java:62)
	at sun.reflect.DelegatingMethodAccessorImpl.invoke(DelegatingMethodAccessorImpl.java:43)
	at java.lang.reflect.Method.invoke(Method.java:498)
	at org.testng.internal.MethodInvocationHelper.invokeMethod(MethodInvocationHelper.java:104)
	at org.testng.internal.Invoker.invokeMethod(Invoker.java:645)
	at org.testng.internal.Invoker.invokeTestMethod(Invoker.java:851)
	at org.testng.internal.Invoker.invokeTestMethods(Invoker.java:1177)
	at org.testng.internal.TestMethodWorker.invokeTestMethods(TestMethodWorker.java:129)
	at org.testng.internal.TestMethodWorker.run(TestMethodWorker.java:112)
	at org.testng.TestRunner.privateRun(TestRunner.java:756)
	at org.testng.TestRunner.run(TestRunner.java:610)
	at org.testng.SuiteRunner.runTest(SuiteRunner.java:387)
	at org.testng.SuiteRunner.runSequentially(SuiteRunner.java:382)
	at org.testng.SuiteRunner.privateRun(SuiteRunner.java:340)
	at org.testng.SuiteRunner.run(SuiteRunner.java:289)
	at org.testng.SuiteRunnerWorker.runSuite(SuiteRunnerWorker.java:52)
	at org.testng.SuiteRunnerWorker.run(SuiteRunnerWorker.java:86)
	at org.testng.TestNG.runSuitesSequentially(TestNG.java:1293)
	at org.testng.TestNG.runSuitesLocally(TestNG.java:1218)
	at org.testng.TestNG.runSuites(TestNG.java:1133)
	at org.testng.TestNG.run(TestNG.java:1104)
	at org.apache.maven.surefire.testng.TestNGExecutor.run(TestNGExecutor.java:283)
	at org.apache.maven.surefire.testng.TestNGXmlTestSuite.execute(TestNGXmlTestSuite.java:75)
	at org.apache.maven.surefire.testng.TestNGProvider.invoke(TestNGProvider.java:120)
	at org.apache.maven.surefire.booter.ForkedBooter.invokeProviderInSameClassLoader(ForkedBooter.java:384)
	at org.apache.maven.surefire.booter.ForkedBooter.runSuitesInProcess(ForkedBooter.java:345)
	at org.apache.maven.surefire.booter.ForkedBooter.execute(ForkedBooter.java:126)
	at org.apache.maven.surefire.booter.ForkedBooter.main(ForkedBooter.java:418)
]]>
            </full-stacktrace>
          </exception> <!-- java.lang.AssertionError -->
          <reporter-output>
          </reporter-output>
        </test-method> <!-- SubmitCorrectDetails -->
        <test-method status="PASS" signature="tearDown()[pri:0, instance:com.warpDevelopment.testCases.SubmitCorrectDetails_WD_TC_01@1e67b872]" name="tearDown" is-config="true" duration-ms="595" started-at="2019-04-10T13:54:52Z" finished-at="2019-04-10T13:54:52Z">
          <reporter-output>
          </reporter-output>
        </test-method> <!-- tearDown -->
      </class> <!-- com.warpDevelopment.testCases.SubmitCorrectDetails_WD_TC_01 -->
    </test> <!-- Contact US Test -->
  </suite> <!-- Warp Developement_Contact Us -->
</testng-results>
