<?xml version="1.0" encoding="UTF-8"?>
<!-- Generated by org.testng.reporters.JUnitXMLReporter -->
<testsuite hostname="INT-01919" ignored="0" name="Contact US Test" tests="2" failures="1" timestamp="10 Apr 2019 11:54:52 GMT" time="15.945" errors="0">
  <testcase name="valideThepage" time="0.337" classname="com.warpDevelopment.testCases.ValidatePageTest"/>
  <testcase name="SubmitCorrectDetails" time="4.053" classname="com.warpDevelopment.testCases.SubmitCorrectDetails_WD_TC_01">
    <failure type="java.lang.AssertionError" message="expected [true] but found [false]">
      <![CDATA[java.lang.AssertionError: expected [true] but found [false]
	at com.warpDevelopment.testCases.SubmitCorrectDetails_WD_TC_01.SubmitCorrectDetails(SubmitCorrectDetails_WD_TC_01.java:38)
... Removed 33 stack frames]]>
    </failure>
  </testcase> <!-- SubmitCorrectDetails -->
</testsuite> <!-- Contact US Test -->
